<?xml version="1.0" encoding="UTF-8"?>
<coverage generated="1774892040905" clover="3.2.0">
  <project timestamp="1774892040905" name="All files">
    <metrics statements="97" coveredstatements="95" conditionals="21" coveredconditionals="20" methods="37" coveredmethods="35" elements="155" coveredelements="150" complexity="0" loc="97" ncloc="97" packages="4" files="12" classes="12"/>
    <package name="charts.use-cases">
      <metrics statements="55" coveredstatements="53" conditionals="13" coveredconditionals="12" methods="19" coveredmethods="17"/>
      <file name="get-amount-collected-per-campaign.ts" path="C:\Users\user\Downloads\QSI\QSI-projet\lib\charts\use-cases\get-amount-collected-per-campaign.ts">
        <metrics statements="13" coveredstatements="12" conditionals="0" coveredconditionals="0" methods="6" coveredmethods="5"/>
        <line num="1" count="1" type="stmt"/>
        <line num="5" count="1" type="stmt"/>
        <line num="16" count="1" type="stmt"/>
        <line num="17" count="1" type="stmt"/>
        <line num="22" count="1" type="stmt"/>
        <line num="23" count="4" type="stmt"/>
        <line num="24" count="40" type="stmt"/>
        <line num="25" count="10" type="stmt"/>
        <line num="27" count="4" type="stmt"/>
        <line num="34" count="1" type="stmt"/>
        <line num="35" count="1" type="stmt"/>
        <line num="38" count="1" type="stmt"/>
        <line num="41" count="0" type="stmt"/>
      </file>
      <file name="get-campaign-status-distribution.ts" path="C:\Users\user\Downloads\QSI\QSI-projet\lib\charts\use-cases\get-campaign-status-distribution.ts">
        <metrics statements="9" coveredstatements="9" conditionals="0" coveredconditionals="0" methods="4" coveredmethods="4"/>
        <line num="1" count="1" type="stmt"/>
        <line num="8" count="1" type="stmt"/>
        <line num="17" count="1" type="stmt"/>
        <line num="26" count="1" type="stmt"/>
        <line num="27" count="1" type="stmt"/>
        <line num="29" count="1" type="stmt"/>
        <line num="30" count="6" type="stmt"/>
        <line num="32" count="24" type="stmt"/>
        <line num="34" count="6" type="stmt"/>
      </file>
      <file name="get-target-achievement-rate-per-campaign.ts" path="C:\Users\user\Downloads\QSI\QSI-projet\lib\charts\use-cases\get-target-achievement-rate-per-campaign.ts">
        <metrics statements="14" coveredstatements="13" conditionals="2" coveredconditionals="1" methods="6" coveredmethods="5"/>
        <line num="1" count="1" type="stmt"/>
        <line num="5" count="1" type="stmt"/>
        <line num="18" count="1" type="stmt"/>
        <line num="19" count="1" type="stmt"/>
        <line num="24" count="1" type="stmt"/>
        <line num="25" count="4" type="stmt"/>
        <line num="26" count="40" type="stmt"/>
        <line num="27" count="10" type="stmt"/>
        <line num="30" count="4" type="cond" truecount="1" falsecount="1"/>
        <line num="34" count="4" type="stmt"/>
        <line num="41" count="1" type="stmt"/>
        <line num="42" count="1" type="stmt"/>
        <line num="45" count="1" type="stmt"/>
        <line num="48" count="0" type="stmt"/>
      </file>
      <file name="period-filter.ts" path="C:\Users\user\Downloads\QSI\QSI-projet\lib\charts\use-cases\period-filter.ts">
        <metrics statements="19" coveredstatements="19" conditionals="11" coveredconditionals="11" methods="3" coveredmethods="3"/>
        <line num="7" count="3" type="stmt"/>
        <line num="10" count="6" type="cond" truecount="2" falsecount="0"/>
        <line num="11" count="3" type="stmt"/>
        <line num="14" count="3" type="stmt"/>
        <line num="16" count="3" type="cond" truecount="2" falsecount="0"/>
        <line num="17" count="1" type="stmt"/>
        <line num="18" count="1" type="stmt"/>
        <line num="21" count="2" type="cond" truecount="2" falsecount="0"/>
        <line num="22" count="1" type="stmt"/>
        <line num="23" count="1" type="stmt"/>
        <line num="26" count="1" type="stmt"/>
        <line num="27" count="1" type="stmt"/>
        <line num="30" count="3" type="stmt"/>
        <line num="35" count="6" type="stmt"/>
        <line num="37" count="6" type="cond" truecount="2" falsecount="0"/>
        <line num="38" count="3" type="stmt"/>
        <line num="41" count="3" type="stmt"/>
        <line num="42" count="30" type="stmt"/>
        <line num="43" count="30" type="cond" truecount="2" falsecount="0"/>
      </file>
    </package>
    <package name="database">
      <metrics statements="6" coveredstatements="6" conditionals="0" coveredconditionals="0" methods="2" coveredmethods="2"/>
      <file name="in-memory-database.ts" path="C:\Users\user\Downloads\QSI\QSI-projet\lib\database\in-memory-database.ts">
        <metrics statements="6" coveredstatements="6" conditionals="0" coveredconditionals="0" methods="2" coveredmethods="2"/>
        <line num="28" count="6" type="stmt"/>
        <line num="71" count="6" type="stmt"/>
        <line num="144" count="6" type="stmt"/>
        <line num="145" count="5" type="stmt"/>
        <line num="148" count="6" type="stmt"/>
        <line num="149" count="5" type="stmt"/>
      </file>
    </package>
    <package name="metrics.campaigns">
      <metrics statements="10" coveredstatements="10" conditionals="4" coveredconditionals="4" methods="5" coveredmethods="5"/>
      <file name="active.ts" path="C:\Users\user\Downloads\QSI\QSI-projet\lib\metrics\campaigns\active.ts">
        <metrics statements="2" coveredstatements="2" conditionals="0" coveredconditionals="0" methods="2" coveredmethods="2"/>
        <line num="5" count="1" type="stmt"/>
        <line num="6" count="5" type="stmt"/>
      </file>
      <file name="success-rate.ts" path="C:\Users\user\Downloads\QSI\QSI-projet\lib\metrics\campaigns\success-rate.ts">
        <metrics statements="8" coveredstatements="8" conditionals="4" coveredconditionals="4" methods="3" coveredmethods="3"/>
        <line num="5" count="1" type="stmt"/>
        <line num="6" count="2" type="stmt"/>
        <line num="7" count="6" type="cond" truecount="2" falsecount="0"/>
        <line num="10" count="2" type="cond" truecount="2" falsecount="0"/>
        <line num="11" count="1" type="stmt"/>
        <line num="14" count="1" type="stmt"/>
        <line num="15" count="4" type="stmt"/>
        <line num="18" count="1" type="stmt"/>
      </file>
    </package>
    <package name="metrics.contributions">
      <metrics statements="26" coveredstatements="26" conditionals="4" coveredconditionals="4" methods="11" coveredmethods="11"/>
      <file name="average-amount.ts" path="C:\Users\user\Downloads\QSI\QSI-projet\lib\metrics\contributions\average-amount.ts">
        <metrics statements="6" coveredstatements="6" conditionals="2" coveredconditionals="2" methods="2" coveredmethods="2"/>
        <line num="5" count="1" type="stmt"/>
        <line num="6" count="2" type="cond" truecount="2" falsecount="0"/>
        <line num="7" count="1" type="stmt"/>
        <line num="10" count="1" type="stmt"/>
        <line num="11" count="3" type="stmt"/>
        <line num="14" count="1" type="stmt"/>
      </file>
      <file name="average-per-campaign.ts" path="C:\Users\user\Downloads\QSI\QSI-projet\lib\metrics\contributions\average-per-campaign.ts">
        <metrics statements="7" coveredstatements="7" conditionals="2" coveredconditionals="2" methods="3" coveredmethods="3"/>
        <line num="13" count="1" type="stmt"/>
        <line num="17" count="3" type="cond" truecount="2" falsecount="0"/>
        <line num="18" count="1" type="stmt"/>
        <line num="21" count="8" type="stmt"/>
        <line num="23" count="2" type="stmt"/>
        <line num="24" count="21" type="stmt"/>
        <line num="27" count="2" type="stmt"/>
      </file>
      <file name="contributions-per-campaign.ts" path="C:\Users\user\Downloads\QSI\QSI-projet\lib\metrics\contributions\contributions-per-campaign.ts">
        <metrics statements="8" coveredstatements="8" conditionals="0" coveredconditionals="0" methods="3" coveredmethods="3"/>
        <line num="1" count="1" type="stmt"/>
        <line num="6" count="1" type="stmt"/>
        <line num="7" count="1" type="stmt"/>
        <line num="8" count="1" type="stmt"/>
        <line num="10" count="1" type="stmt"/>
        <line num="11" count="4" type="stmt"/>
        <line num="12" count="40" type="stmt"/>
        <line num="15" count="4" type="stmt"/>
      </file>
      <file name="total-amount.ts" path="C:\Users\user\Downloads\QSI\QSI-projet\lib\metrics\contributions\total-amount.ts">
        <metrics statements="3" coveredstatements="3" conditionals="0" coveredconditionals="0" methods="2" coveredmethods="2"/>
        <line num="5" count="1" type="stmt"/>
        <line num="6" count="2" type="stmt"/>
        <line num="7" count="3" type="stmt"/>
      </file>
      <file name="total.ts" path="C:\Users\user\Downloads\QSI\QSI-projet\lib\metrics\contributions\total.ts">
        <metrics statements="2" coveredstatements="2" conditionals="0" coveredconditionals="0" methods="1" coveredmethods="1"/>
        <line num="5" count="1" type="stmt"/>
        <line num="6" count="2" type="stmt"/>
      </file>
    </package>
  </project>
</coverage>
