{"C:\\Users\\user\\Downloads\\QSI\\QSI-projet\\lib\\metrics\\campaigns\\active.ts": {"path":"C:\\Users\\user\\Downloads\\QSI\\QSI-projet\\lib\\metrics\\campaigns\\active.ts","statementMap":{"0":{"start":{"line":5,"column":0},"end":{"line":5,"column":16}},"1":{"start":{"line":6,"column":2},"end":{"line":6,"column":77}},"2":{"start":{"line":6,"column":40},"end":{"line":6,"column":68}}},"fnMap":{"0":{"name":"countActiveCampaigns","decl":{"start":{"line":5,"column":16},"end":{"line":5,"column":36}},"loc":{"start":{"line":5,"column":58},"end":{"line":7,"column":1}}},"1":{"name":"(anonymous_1)","decl":{"start":{"line":6,"column":26},"end":{"line":6,"column":27}},"loc":{"start":{"line":6,"column":40},"end":{"line":6,"column":68}}}},"branchMap":{},"s":{"0":1,"1":2,"2":5},"f":{"0":2,"1":5},"b":{}}
,"C:\\Users\\user\\Downloads\\QSI\\QSI-projet\\lib\\metrics\\contributions\\total-amount.ts": {"path":"C:\\Users\\user\\Downloads\\QSI\\QSI-projet\\lib\\metrics\\contributions\\total-amount.ts","statementMap":{"0":{"start":{"line":5,"column":0},"end":{"line":5,"column":16}},"1":{"start":{"line":6,"column":2},"end":{"line":8,"column":8}},"2":{"start":{"line":7,"column":4},"end":{"line":7,"column":39}}},"fnMap":{"0":{"name":"getTotalAmount","decl":{"start":{"line":5,"column":16},"end":{"line":5,"column":30}},"loc":{"start":{"line":5,"column":60},"end":{"line":9,"column":1}}},"1":{"name":"(anonymous_1)","decl":{"start":{"line":6,"column":30},"end":{"line":6,"column":31}},"loc":{"start":{"line":6,"column":54},"end":{"line":8,"column":3}}}},"branchMap":{},"s":{"0":1,"1":2,"2":3},"f":{"0":2,"1":3},"b":{}}
,"C:\\Users\\user\\Downloads\\QSI\\QSI-projet\\lib\\metrics\\contributions\\total.ts": {"path":"C:\\Users\\user\\Downloads\\QSI\\QSI-projet\\lib\\metrics\\contributions\\total.ts","statementMap":{"0":{"start":{"line":5,"column":0},"end":{"line":5,"column":16}},"1":{"start":{"line":6,"column":2},"end":{"line":6,"column":30}}},"fnMap":{"0":{"name":"countTotalContributions","decl":{"start":{"line":5,"column":16},"end":{"line":5,"column":39}},"loc":{"start":{"line":5,"column":69},"end":{"line":7,"column":1}}}},"branchMap":{},"s":{"0":1,"1":2},"f":{"0":2},"b":{}}
}
