{"C:\\Users\\user\\Downloads\\QSI\\QSI-projet\\lib\\metrics\\campaigns\\active.ts": {"path":"C:\\Users\\user\\Downloads\\QSI\\QSI-projet\\lib\\metrics\\campaigns\\active.ts","statementMap":{"0":{"start":{"line":5,"column":0},"end":{"line":5,"column":16}},"1":{"start":{"line":6,"column":2},"end":{"line":6,"column":77}},"2":{"start":{"line":6,"column":40},"end":{"line":6,"column":68}}},"fnMap":{"0":{"name":"countActiveCampaigns","decl":{"start":{"line":5,"column":16},"end":{"line":5,"column":36}},"loc":{"start":{"line":5,"column":58},"end":{"line":7,"column":1}}},"1":{"name":"(anonymous_1)","decl":{"start":{"line":6,"column":26},"end":{"line":6,"column":27}},"loc":{"start":{"line":6,"column":40},"end":{"line":6,"column":68}}}},"branchMap":{},"s":{"0":1,"1":2,"2":5},"f":{"0":2,"1":5},"b":{}}
,"C:\\Users\\user\\Downloads\\QSI\\QSI-projet\\lib\\metrics\\campaigns\\success-rate.ts": {"path":"C:\\Users\\user\\Downloads\\QSI\\QSI-projet\\lib\\metrics\\campaigns\\success-rate.ts","statementMap":{"0":{"start":{"line":5,"column":0},"end":{"line":5,"column":16}},"1":{"start":{"line":6,"column":28},"end":{"line":7,"column":null}},"2":{"start":{"line":7,"column":18},"end":{"line":7,"column":79}},"3":{"start":{"line":10,"column":2},"end":{"line":12,"column":3}},"4":{"start":{"line":11,"column":4},"end":{"line":11,"column":13}},"5":{"start":{"line":14,"column":30},"end":{"line":15,"column":null}},"6":{"start":{"line":15,"column":18},"end":{"line":15,"column":47}},"7":{"start":{"line":18,"column":2},"end":{"line":18,"column":83}}},"fnMap":{"0":{"name":"getSuccessRate","decl":{"start":{"line":5,"column":16},"end":{"line":5,"column":30}},"loc":{"start":{"line":5,"column":52},"end":{"line":19,"column":1}}},"1":{"name":"(anonymous_1)","decl":{"start":{"line":7,"column":4},"end":{"line":7,"column":5}},"loc":{"start":{"line":7,"column":18},"end":{"line":7,"column":79}}},"2":{"name":"(anonymous_2)","decl":{"start":{"line":15,"column":4},"end":{"line":15,"column":5}},"loc":{"start":{"line":15,"column":18},"end":{"line":15,"column":47}}}},"branchMap":{"0":{"loc":{"start":{"line":7,"column":18},"end":{"line":7,"column":79}},"type":"binary-expr","locations":[{"start":{"line":7,"column":18},"end":{"line":7,"column":47}},{"start":{"line":7,"column":51},"end":{"line":7,"column":79}}]},"1":{"loc":{"start":{"line":10,"column":2},"end":{"line":12,"column":3}},"type":"if","locations":[{"start":{"line":10,"column":2},"end":{"line":12,"column":3}},{"start":{},"end":{}}]}},"s":{"0":1,"1":2,"2":6,"3":2,"4":1,"5":1,"6":4,"7":1},"f":{"0":2,"1":6,"2":4},"b":{"0":[6,3],"1":[1,1]}}
,"C:\\Users\\user\\Downloads\\QSI\\QSI-projet\\lib\\metrics\\contributions\\average-amount.ts": {"path":"C:\\Users\\user\\Downloads\\QSI\\QSI-projet\\lib\\metrics\\contributions\\average-amount.ts","statementMap":{"0":{"start":{"line":5,"column":0},"end":{"line":5,"column":16}},"1":{"start":{"line":6,"column":2},"end":{"line":8,"column":3}},"2":{"start":{"line":7,"column":4},"end":{"line":7,"column":13}},"3":{"start":{"line":10,"column":22},"end":{"line":12,"column":7}},"4":{"start":{"line":11,"column":4},"end":{"line":11,"column":37}},"5":{"start":{"line":14,"column":2},"end":{"line":14,"column":56}}},"fnMap":{"0":{"name":"getAverageContributionAmount","decl":{"start":{"line":5,"column":16},"end":{"line":5,"column":44}},"loc":{"start":{"line":5,"column":74},"end":{"line":15,"column":1}}},"1":{"name":"(anonymous_1)","decl":{"start":{"line":10,"column":43},"end":{"line":10,"column":44}},"loc":{"start":{"line":10,"column":65},"end":{"line":12,"column":3}}}},"branchMap":{"0":{"loc":{"start":{"line":6,"column":2},"end":{"line":8,"column":3}},"type":"if","locations":[{"start":{"line":6,"column":2},"end":{"line":8,"column":3}},{"start":{},"end":{}}]}},"s":{"0":1,"1":2,"2":1,"3":1,"4":3,"5":1},"f":{"0":2,"1":3},"b":{"0":[1,1]}}
,"C:\\Users\\user\\Downloads\\QSI\\QSI-projet\\lib\\metrics\\contributions\\total-amount.ts": {"path":"C:\\Users\\user\\Downloads\\QSI\\QSI-projet\\lib\\metrics\\contributions\\total-amount.ts","statementMap":{"0":{"start":{"line":5,"column":0},"end":{"line":5,"column":16}},"1":{"start":{"line":6,"column":2},"end":{"line":8,"column":8}},"2":{"start":{"line":7,"column":4},"end":{"line":7,"column":39}}},"fnMap":{"0":{"name":"getTotalAmount","decl":{"start":{"line":5,"column":16},"end":{"line":5,"column":30}},"loc":{"start":{"line":5,"column":60},"end":{"line":9,"column":1}}},"1":{"name":"(anonymous_1)","decl":{"start":{"line":6,"column":30},"end":{"line":6,"column":31}},"loc":{"start":{"line":6,"column":54},"end":{"line":8,"column":3}}}},"branchMap":{},"s":{"0":1,"1":2,"2":3},"f":{"0":2,"1":3},"b":{}}
,"C:\\Users\\user\\Downloads\\QSI\\QSI-projet\\lib\\metrics\\contributions\\total.ts": {"path":"C:\\Users\\user\\Downloads\\QSI\\QSI-projet\\lib\\metrics\\contributions\\total.ts","statementMap":{"0":{"start":{"line":5,"column":0},"end":{"line":5,"column":16}},"1":{"start":{"line":6,"column":2},"end":{"line":6,"column":30}}},"fnMap":{"0":{"name":"countTotalContributions","decl":{"start":{"line":5,"column":16},"end":{"line":5,"column":39}},"loc":{"start":{"line":5,"column":69},"end":{"line":7,"column":1}}}},"branchMap":{},"s":{"0":1,"1":2},"f":{"0":2},"b":{}}
}
