TN:
SF:lib\metrics\campaigns\active.ts
FN:5,countActiveCampaigns
FN:6,(anonymous_1)
FNF:2
FNH:2
FNDA:2,countActiveCampaigns
FNDA:5,(anonymous_1)
DA:5,1
DA:6,5
LF:2
LH:2
BRF:0
BRH:0
end_of_record
TN:
SF:lib\metrics\contributions\total-amount.ts
FN:5,getTotalAmount
FN:6,(anonymous_1)
FNF:2
FNH:2
FNDA:2,getTotalAmount
FNDA:3,(anonymous_1)
DA:5,1
DA:6,2
DA:7,3
LF:3
LH:3
BRF:0
BRH:0
end_of_record
TN:
SF:lib\metrics\contributions\total.ts
FN:5,countTotalContributions
FNF:1
FNH:1
FNDA:2,countTotalContributions
DA:5,1
DA:6,2
LF:2
LH:2
BRF:0
BRH:0
end_of_record
