TN:
SF:lib\metrics\campaigns\active.ts
FN:5,countActiveCampaigns
FN:6,(anonymous_1)
FNF:2
FNH:2
FNDA:2,countActiveCampaigns
FNDA:5,(anonymous_1)
DA:5,1
DA:6,5
LF:2
LH:2
BRF:0
BRH:0
end_of_record
TN:
SF:lib\metrics\campaigns\success-rate.ts
FN:5,getSuccessRate
FN:7,(anonymous_1)
FN:15,(anonymous_2)
FNF:3
FNH:3
FNDA:2,getSuccessRate
FNDA:6,(anonymous_1)
FNDA:4,(anonymous_2)
DA:5,1
DA:6,2
DA:7,6
DA:10,2
DA:11,1
DA:14,1
DA:15,4
DA:18,1
LF:8
LH:8
BRDA:7,0,0,6
BRDA:7,0,1,3
BRDA:10,1,0,1
BRDA:10,1,1,1
BRF:4
BRH:4
end_of_record
TN:
SF:lib\metrics\contributions\average-amount.ts
FN:5,getAverageContributionAmount
FN:10,(anonymous_1)
FNF:2
FNH:2
FNDA:2,getAverageContributionAmount
FNDA:3,(anonymous_1)
DA:5,1
DA:6,2
DA:7,1
DA:10,1
DA:11,3
DA:14,1
LF:6
LH:6
BRDA:6,0,0,1
BRDA:6,0,1,1
BRF:2
BRH:2
end_of_record
TN:
SF:lib\metrics\contributions\total-amount.ts
FN:5,getTotalAmount
FN:6,(anonymous_1)
FNF:2
FNH:2
FNDA:2,getTotalAmount
FNDA:3,(anonymous_1)
DA:5,1
DA:6,2
DA:7,3
LF:3
LH:3
BRF:0
BRH:0
end_of_record
TN:
SF:lib\metrics\contributions\total.ts
FN:5,countTotalContributions
FNF:1
FNH:1
FNDA:2,countTotalContributions
DA:5,1
DA:6,2
LF:2
LH:2
BRF:0
BRH:0
end_of_record
